<?xml version="1.0" encoding="UTF-8"?>
<!-- Generated by org.testng.reporters.JUnitXMLReporter -->
<testsuite hostname="ind0003854" name="Test" tests="8" failures="3" timestamp="4 May 2019 20:45:01 GMT" time="7.984" errors="0">
  <testcase name="GETServiceTest" time="2.636" classname="com.madhub.demo.codingTest.TC1_GetServiceTest"/>
  <testcase name="GETServiceTestSingleRecord" time="0.203" classname="com.madhub.demo.codingTest.TC2_GetServiceTestSingleRecord"/>
  <testcase name="GETServiceWithInvalidResource" time="0.749" classname="com.madhub.demo.codingTest.TC3_GetServiceInvalidResource"/>
  <testcase name="POSTServiceTest" time="1.508" classname="com.madhub.demo.codingTest.TC4_PostServiceTest">
    <failure type="junit.framework.AssertionFailedError" message="[Validating the resource created by POST request]: Resource not created. [Status Code Validation]: junit.framework.AssertionFailedError: expected:&amp;lt;200&amp;gt; but was:&amp;lt;404&amp;gt;">
      <![CDATA[junit.framework.AssertionFailedError: [Validating the resource created by POST request]: Resource not created. [Status Code Validation]: junit.framework.AssertionFailedError: expected:<200> but was:<404>
	at junit.framework.Assert.fail(Assert.java:50)
	at core.ResponseValidators.validateResourceCreated(ResponseValidators.java:46)
	at com.madhub.demo.codingTest.TC4_PostServiceTest.verifyRecordCreated(TC4_PostServiceTest.java:100)
	at com.madhub.demo.codingTest.TC4_PostServiceTest.POSTServiceTest(TC4_PostServiceTest.java:86)
... Removed 24 stack frames]]>
    </failure>
  </testcase> <!-- POSTServiceTest -->
  <testcase name="PUTServiceTest" time="1.037" classname="com.madhub.demo.codingTest.TC5_PutServiceTest">
    <failure type="junit.framework.AssertionFailedError" message="[Validting Newly Created/Updated Resource]: &amp;quot;title&amp;quot; value is not as expected.  Value requested =abc, but received=sunt aut facere repellat provident occaecati excepturi optio reprehenderit">
      <![CDATA[junit.framework.AssertionFailedError: [Validting Newly Created/Updated Resource]: "title" value is not as expected.  Value requested =abc, but received=sunt aut facere repellat provident occaecati excepturi optio reprehenderit
	at junit.framework.Assert.fail(Assert.java:50)
	at core.ResponseValidators.compareResponseData(ResponseValidators.java:67)
	at com.madhub.demo.codingTest.TC5_PutServiceTest.PUTServiceTest(TC5_PutServiceTest.java:117)
... Removed 24 stack frames]]>
    </failure>
  </testcase> <!-- PUTServiceTest -->
  <testcase name="DeleteServiceTest" time="0.543" classname="com.madhub.demo.codingTest.TC6_DeleteServiceTest">
    <failure type="junit.framework.AssertionFailedError" message="[Validating Json Schema]: Json Schema validation failed. 
1 expectation failed.
Response body doesn&amp;apos;t match expectation.
Expected: The content to match the given JSON schema.
warning: the following keywords are unknown and will be ignored: [$id]
    level: &amp;quot;warning&amp;quot;
    schema: {&amp;quot;loadingURI&amp;quot;:&amp;quot;file:/C:/Users/basavma/RestAssuredDemo/target/classes/JsonSchemaSingleRecord.json#&amp;quot;,&amp;quot;pointer&amp;quot;:&amp;quot;&amp;quot;}
    domain: &amp;quot;syntax&amp;quot;
    ignored: [&amp;quot;$id&amp;quot;]
warning: the following keywords are unknown and will be ignored: [$id, examples]
    level: &amp;quot;warning&amp;quot;
    schema: {&amp;quot;loadingURI&amp;quot;:&amp;quot;file:/C:/Users/basavma/RestAssuredDemo/target/classes/JsonSchemaSingleRecord.json#&amp;quot;,&amp;quot;pointer&amp;quot;:&amp;quot;/properties/body&amp;quot;}
    domain: &amp;quot;syntax&amp;quot;
    ignored: [&amp;quot;$id&amp;quot;,&amp;quot;examples&amp;quot;]
warning: the following keywords are unknown and will be ignored: [$id, examples]
    level: &amp;quot;warning&amp;quot;
    schema: {&amp;quot;loadingURI&amp;quot;:&amp;quot;file:/C:/Users/basavma/RestAssuredDemo/target/classes/JsonSchemaSingleRecord.json#&amp;quot;,&amp;quot;pointer&amp;quot;:&amp;quot;/properties/id&amp;quot;}
    domain: &amp;quot;syntax&amp;quot;
    ignored: [&amp;quot;$id&amp;quot;,&amp;quot;examples&amp;quot;]
warning: the following keywords are unknown and will be ignored: [$id, examples]
    level: &amp;quot;warning&amp;quot;
    schema: {&amp;quot;loadingURI&amp;quot;:&amp;quot;file:/C:/Users/basavma/RestAssuredDemo/target/classes/JsonSchemaSingleRecord.json#&amp;quot;,&amp;quot;pointer&amp;quot;:&amp;quot;/properties/title&amp;quot;}
    domain: &amp;quot;syntax&amp;quot;
    ignored: [&amp;quot;$id&amp;quot;,&amp;quot;examples&amp;quot;]
warning: the following keywords are unknown and will be ignored: [$id, examples]
    level: &amp;quot;warning&amp;quot;
    schema: {&amp;quot;loadingURI&amp;quot;:&amp;quot;file:/C:/Users/basavma/RestAssuredDemo/target/classes/JsonSchemaSingleRecord.json#&amp;quot;,&amp;quot;pointer&amp;quot;:&amp;quot;/properties/userId&amp;quot;}
    domain: &amp;quot;syntax&amp;quot;
    ignored: [&amp;quot;$id&amp;quot;,&amp;quot;examples&amp;quot;]
error: object has missing required properties ([&amp;quot;body&amp;quot;,&amp;quot;id&amp;quot;,&amp;quot;title&amp;quot;,&amp;quot;userId&amp;quot;])
    level: &amp;quot;error&amp;quot;
    schema: {&amp;quot;loadingURI&amp;quot;:&amp;quot;file:/C:/Users/basavma/RestAssuredDemo/target/classes/JsonSchemaSingleRecord.json#&amp;quot;,&amp;quot;pointer&amp;quot;:&amp;quot;&amp;quot;}
    instance: {&amp;quot;pointer&amp;quot;:&amp;quot;&amp;quot;}
    domain: &amp;quot;validation&amp;quot;
    keyword: &amp;quot;required&amp;quot;
    required: [&amp;quot;body&amp;quot;,&amp;quot;id&amp;quot;,&amp;quot;title&amp;quot;,&amp;quot;userId&amp;quot;]
    missing: [&amp;quot;body&amp;quot;,&amp;quot;id&amp;quot;,&amp;quot;title&amp;quot;,&amp;quot;userId&amp;quot;]

  Actual: {}
">
      <![CDATA[junit.framework.AssertionFailedError: [Validating Json Schema]: Json Schema validation failed. 
1 expectation failed.
Response body doesn't match expectation.
Expected: The content to match the given JSON schema.
warning: the following keywords are unknown and will be ignored: [$id]
    level: "warning"
    schema: {"loadingURI":"file:/C:/Users/basavma/RestAssuredDemo/target/classes/JsonSchemaSingleRecord.json#","pointer":""}
    domain: "syntax"
    ignored: ["$id"]
warning: the following keywords are unknown and will be ignored: [$id, examples]
    level: "warning"
    schema: {"loadingURI":"file:/C:/Users/basavma/RestAssuredDemo/target/classes/JsonSchemaSingleRecord.json#","pointer":"/properties/body"}
    domain: "syntax"
    ignored: ["$id","examples"]
warning: the following keywords are unknown and will be ignored: [$id, examples]
    level: "warning"
    schema: {"loadingURI":"file:/C:/Users/basavma/RestAssuredDemo/target/classes/JsonSchemaSingleRecord.json#","pointer":"/properties/id"}
    domain: "syntax"
    ignored: ["$id","examples"]
warning: the following keywords are unknown and will be ignored: [$id, examples]
    level: "warning"
    schema: {"loadingURI":"file:/C:/Users/basavma/RestAssuredDemo/target/classes/JsonSchemaSingleRecord.json#","pointer":"/properties/title"}
    domain: "syntax"
    ignored: ["$id","examples"]
warning: the following keywords are unknown and will be ignored: [$id, examples]
    level: "warning"
    schema: {"loadingURI":"file:/C:/Users/basavma/RestAssuredDemo/target/classes/JsonSchemaSingleRecord.json#","pointer":"/properties/userId"}
    domain: "syntax"
    ignored: ["$id","examples"]
error: object has missing required properties (["body","id","title","userId"])
    level: "error"
    schema: {"loadingURI":"file:/C:/Users/basavma/RestAssuredDemo/target/classes/JsonSchemaSingleRecord.json#","pointer":""}
    instance: {"pointer":""}
    domain: "validation"
    keyword: "required"
    required: ["body","id","title","userId"]
    missing: ["body","id","title","userId"]

  Actual: {}

	at junit.framework.Assert.fail(Assert.java:50)
	at core.ResponseValidators.validateGetResponse(ResponseValidators.java:127)
	at com.madhub.demo.codingTest.TC6_DeleteServiceTest.DeleteServiceTest(TC6_DeleteServiceTest.java:68)
... Removed 24 stack frames]]>
    </failure>
  </testcase> <!-- DeleteServiceTest -->
  <testcase name="GetServiceLowerBoundaryCase" time="0.681" classname="com.madhub.demo.codingTest.TC7_GetServiceLowerBoundaryCase"/>
  <testcase name="GetServiceUpperBoundaryCase" time="0.21" classname="com.madhub.demo.codingTest.TC8_GetServiceUpperBoundaryCase"/>
</testsuite> <!-- Test -->
